This file contains any messages produced by compilers while
running configure, to aid debugging if configure makes a mistake.

It was created by WCSLIB configure 5.18, which was
generated by GNU Autoconf 2.69.  Invocation command line was

  $ ./configure 

## --------- ##
## Platform. ##
## --------- ##

hostname = davide-MS-B10611
uname -m = x86_64
uname -r = 4.13.0-37-generic
uname -s = Linux
uname -v = #42-Ubuntu SMP Wed Mar 7 14:13:23 UTC 2018

/usr/bin/uname -p = unknown
/bin/uname -X     = unknown

/bin/arch              = unknown
/usr/bin/arch -k       = unknown
/usr/convex/getsysinfo = unknown
/usr/bin/hostinfo      = unknown
/bin/machine           = unknown
/usr/bin/oslevel       = unknown
/bin/universe          = unknown

PATH: /home/davide/qtcreator-3.3.2/bin
PATH: /home/davide/.local/share/umake/bin
PATH: /usr/local/sbin
PATH: /usr/local/bin
PATH: /usr/sbin
PATH: /usr/bin
PATH: /sbin
PATH: /bin
PATH: /usr/games
PATH: /usr/local/games
PATH: /snap/bin
PATH: /home/davide/software/karma-1.7.25/amd64_Linux_libc6.3/bin


## ----------- ##
## Core tests. ##
## ----------- ##

configure:2633: checking build system type
configure:2647: result: x86_64-unknown-linux-gnu
configure:2674: checking for flex
configure:2690: found /usr/bin/flex
configure:2701: result: flex
configure:2718: Using Flex version 2.6.1.
configure:2780: checking for gcc
configure:2796: found /usr/bin/gcc
configure:2807: result: gcc
configure:3036: checking for C compiler version
configure:3045: gcc --version >&5
gcc (Ubuntu 6.4.0-8ubuntu1) 6.4.0 20171010
Copyright (C) 2017 Free Software Foundation, Inc.
This is free software; see the source for copying conditions.  There is NO
warranty; not even for MERCHANTABILITY or FITNESS FOR A PARTICULAR PURPOSE.

configure:3056: $? = 0
configure:3045: gcc -v >&5
Using built-in specs.
COLLECT_GCC=gcc
COLLECT_LTO_WRAPPER=/usr/lib/gcc/x86_64-linux-gnu/6/lto-wrapper
Target: x86_64-linux-gnu
Configured with: ../src/configure -v --with-pkgversion='Ubuntu 6.4.0-8ubuntu1' --with-bugurl=file:///usr/share/doc/gcc-6/README.Bugs --enable-languages=c,ada,c++,java,go,d,fortran,objc,obj-c++ --prefix=/usr --program-suffix=-6 --program-prefix=x86_64-linux-gnu- --enable-shared --enable-linker-build-id --libexecdir=/usr/lib --without-included-gettext --enable-threads=posix --libdir=/usr/lib --enable-nls --with-sysroot=/ --enable-clocale=gnu --enable-libstdcxx-debug --enable-libstdcxx-time=yes --with-default-libstdcxx-abi=new --enable-gnu-unique-object --disable-vtable-verify --enable-libmpx --enable-plugin --enable-default-pie --with-system-zlib --disable-browser-plugin --enable-java-awt=gtk --enable-gtk-cairo --with-java-home=/usr/lib/jvm/java-1.5.0-gcj-6-amd64/jre --enable-java-home --with-jvm-root-dir=/usr/lib/jvm/java-1.5.0-gcj-6-amd64 --with-jvm-jar-dir=/usr/lib/jvm-exports/java-1.5.0-gcj-6-amd64 --with-arch-directory=amd64 --with-ecj-jar=/usr/share/java/eclipse-ecj.jar --with-target-system-zlib --enable-objc-gc=auto --enable-multiarch --disable-werror --with-arch-32=i686 --with-abi=m64 --with-multilib-list=m32,m64,mx32 --enable-multilib --with-tune=generic --enable-checking=release --build=x86_64-linux-gnu --host=x86_64-linux-gnu --target=x86_64-linux-gnu
Thread model: posix
gcc version 6.4.0 20171010 (Ubuntu 6.4.0-8ubuntu1) 
configure:3056: $? = 0
configure:3045: gcc -V >&5
gcc: error: unrecognized command line option '-V'
gcc: fatal error: no input files
compilation terminated.
configure:3056: $? = 1
configure:3045: gcc -qversion >&5
gcc: error: unrecognized command line option '-qversion'; did you mean '--version'?
gcc: fatal error: no input files
compilation terminated.
configure:3056: $? = 1
configure:3076: checking whether the C compiler works
configure:3098: gcc    conftest.c  >&5
configure:3102: $? = 0
configure:3150: result: yes
configure:3153: checking for C compiler default output file name
configure:3155: result: a.out
configure:3161: checking for suffix of executables
configure:3168: gcc -o conftest    conftest.c  >&5
configure:3172: $? = 0
configure:3194: result: 
configure:3216: checking whether we are cross compiling
configure:3224: gcc -o conftest    conftest.c  >&5
configure:3228: $? = 0
configure:3235: ./conftest
configure:3239: $? = 0
configure:3254: result: no
configure:3259: checking for suffix of object files
configure:3281: gcc -c   conftest.c >&5
configure:3285: $? = 0
configure:3306: result: o
configure:3310: checking whether we are using the GNU C compiler
configure:3329: gcc -c   conftest.c >&5
configure:3329: $? = 0
configure:3338: result: yes
configure:3347: checking whether gcc accepts -g
configure:3367: gcc -c -g  conftest.c >&5
configure:3367: $? = 0
configure:3408: result: yes
configure:3425: checking for gcc option to accept ISO C89
configure:3488: gcc  -c -g -O2  conftest.c >&5
configure:3488: $? = 0
configure:3501: result: none needed
configure:3526: checking how to run the C preprocessor
configure:3557: gcc -E  conftest.c
configure:3557: $? = 0
configure:3571: gcc -E  conftest.c
conftest.c:10:28: fatal error: ac_nonexistent.h: No such file or directory
 #include <ac_nonexistent.h>
                            ^
compilation terminated.
configure:3571: $? = 1
configure: failed program was:
| /* confdefs.h */
| #define PACKAGE_NAME "WCSLIB"
| #define PACKAGE_TARNAME "wcslib-5.18"
| #define PACKAGE_VERSION "5.18"
| #define PACKAGE_STRING "WCSLIB 5.18"
| #define PACKAGE_BUGREPORT "mark@calabretta.id.au"
| #define PACKAGE_URL ""
| #define WCSLIB_VERSION 5.18
| /* end confdefs.h.  */
| #include <ac_nonexistent.h>
configure:3596: result: gcc -E
configure:3616: gcc -E  conftest.c
configure:3616: $? = 0
configure:3630: gcc -E  conftest.c
conftest.c:10:28: fatal error: ac_nonexistent.h: No such file or directory
 #include <ac_nonexistent.h>
                            ^
compilation terminated.
configure:3630: $? = 1
configure: failed program was:
| /* confdefs.h */
| #define PACKAGE_NAME "WCSLIB"
| #define PACKAGE_TARNAME "wcslib-5.18"
| #define PACKAGE_VERSION "5.18"
| #define PACKAGE_STRING "WCSLIB 5.18"
| #define PACKAGE_BUGREPORT "mark@calabretta.id.au"
| #define PACKAGE_URL ""
| #define WCSLIB_VERSION 5.18
| /* end confdefs.h.  */
| #include <ac_nonexistent.h>
configure:3706: checking for gcc
configure:3733: result: gcc
configure:3962: checking for C compiler version
configure:3971: gcc --version >&5
gcc (Ubuntu 6.4.0-8ubuntu1) 6.4.0 20171010
Copyright (C) 2017 Free Software Foundation, Inc.
This is free software; see the source for copying conditions.  There is NO
warranty; not even for MERCHANTABILITY or FITNESS FOR A PARTICULAR PURPOSE.

configure:3982: $? = 0
configure:3971: gcc -v >&5
Using built-in specs.
COLLECT_GCC=gcc
COLLECT_LTO_WRAPPER=/usr/lib/gcc/x86_64-linux-gnu/6/lto-wrapper
Target: x86_64-linux-gnu
Configured with: ../src/configure -v --with-pkgversion='Ubuntu 6.4.0-8ubuntu1' --with-bugurl=file:///usr/share/doc/gcc-6/README.Bugs --enable-languages=c,ada,c++,java,go,d,fortran,objc,obj-c++ --prefix=/usr --program-suffix=-6 --program-prefix=x86_64-linux-gnu- --enable-shared --enable-linker-build-id --libexecdir=/usr/lib --without-included-gettext --enable-threads=posix --libdir=/usr/lib --enable-nls --with-sysroot=/ --enable-clocale=gnu --enable-libstdcxx-debug --enable-libstdcxx-time=yes --with-default-libstdcxx-abi=new --enable-gnu-unique-object --disable-vtable-verify --enable-libmpx --enable-plugin --enable-default-pie --with-system-zlib --disable-browser-plugin --enable-java-awt=gtk --enable-gtk-cairo --with-java-home=/usr/lib/jvm/java-1.5.0-gcj-6-amd64/jre --enable-java-home --with-jvm-root-dir=/usr/lib/jvm/java-1.5.0-gcj-6-amd64 --with-jvm-jar-dir=/usr/lib/jvm-exports/java-1.5.0-gcj-6-amd64 --with-arch-directory=amd64 --with-ecj-jar=/usr/share/java/eclipse-ecj.jar --with-target-system-zlib --enable-objc-gc=auto --enable-multiarch --disable-werror --with-arch-32=i686 --with-abi=m64 --with-multilib-list=m32,m64,mx32 --enable-multilib --with-tune=generic --enable-checking=release --build=x86_64-linux-gnu --host=x86_64-linux-gnu --target=x86_64-linux-gnu
Thread model: posix
gcc version 6.4.0 20171010 (Ubuntu 6.4.0-8ubuntu1) 
configure:3982: $? = 0
configure:3971: gcc -V >&5
gcc: error: unrecognized command line option '-V'
gcc: fatal error: no input files
compilation terminated.
configure:3982: $? = 1
configure:3971: gcc -qversion >&5
gcc: error: unrecognized command line option '-qversion'; did you mean '--version'?
gcc: fatal error: no input files
compilation terminated.
configure:3982: $? = 1
configure:3986: checking whether we are using the GNU C compiler
configure:4014: result: yes
configure:4023: checking whether gcc accepts -g
configure:4084: result: yes
configure:4101: checking for gcc option to accept ISO C89
configure:4177: result: none needed
configure:4201: checking for gcc option to accept ISO C99
configure:4350: gcc  -c -g -O2  conftest.c >&5
configure:4350: $? = 0
configure:4363: result: none needed
configure:4471: checking for gcc option to accept ISO Standard C
configure:4482: result: none needed
configure:4490: checking for an ANSI C-conforming const
configure:4556: gcc -c -g -O2  conftest.c >&5
configure:4556: $? = 0
configure:4563: result: yes
configure:4572: checking for grep that handles long lines and -e
configure:4630: result: /bin/grep
configure:4635: checking for egrep
configure:4697: result: /bin/grep -E
configure:4702: checking for ANSI C header files
configure:4722: gcc -c -g -O2  conftest.c >&5
configure:4722: $? = 0
configure:4795: gcc -o conftest -g -O2   conftest.c  >&5
configure:4795: $? = 0
configure:4795: ./conftest
configure:4795: $? = 0
configure:4806: result: yes
configure:4819: checking for sys/types.h
configure:4819: gcc -c -g -O2  conftest.c >&5
configure:4819: $? = 0
configure:4819: result: yes
configure:4819: checking for sys/stat.h
configure:4819: gcc -c -g -O2  conftest.c >&5
configure:4819: $? = 0
configure:4819: result: yes
configure:4819: checking for stdlib.h
configure:4819: gcc -c -g -O2  conftest.c >&5
configure:4819: $? = 0
configure:4819: result: yes
configure:4819: checking for string.h
configure:4819: gcc -c -g -O2  conftest.c >&5
configure:4819: $? = 0
configure:4819: result: yes
configure:4819: checking for memory.h
configure:4819: gcc -c -g -O2  conftest.c >&5
configure:4819: $? = 0
configure:4819: result: yes
configure:4819: checking for strings.h
configure:4819: gcc -c -g -O2  conftest.c >&5
configure:4819: $? = 0
configure:4819: result: yes
configure:4819: checking for inttypes.h
configure:4819: gcc -c -g -O2  conftest.c >&5
configure:4819: $? = 0
configure:4819: result: yes
configure:4819: checking for stdint.h
configure:4819: gcc -c -g -O2  conftest.c >&5
configure:4819: $? = 0
configure:4819: result: yes
configure:4819: checking for unistd.h
configure:4819: gcc -c -g -O2  conftest.c >&5
configure:4819: $? = 0
configure:4819: result: yes
configure:4831: checking for size_t
configure:4831: gcc -c -g -O2  conftest.c >&5
configure:4831: $? = 0
configure:4831: gcc -c -g -O2  conftest.c >&5
conftest.c: In function 'main':
conftest.c:56:21: error: expected expression before ')' token
 if (sizeof ((size_t)))
                     ^
configure:4831: $? = 1
configure: failed program was:
| /* confdefs.h */
| #define PACKAGE_NAME "WCSLIB"
| #define PACKAGE_TARNAME "wcslib-5.18"
| #define PACKAGE_VERSION "5.18"
| #define PACKAGE_STRING "WCSLIB 5.18"
| #define PACKAGE_BUGREPORT "mark@calabretta.id.au"
| #define PACKAGE_URL ""
| #define WCSLIB_VERSION 5.18
| #define STDC_HEADERS 1
| #define HAVE_SYS_TYPES_H 1
| #define HAVE_SYS_STAT_H 1
| #define HAVE_STDLIB_H 1
| #define HAVE_STRING_H 1
| #define HAVE_MEMORY_H 1
| #define HAVE_STRINGS_H 1
| #define HAVE_INTTYPES_H 1
| #define HAVE_STDINT_H 1
| #define HAVE_UNISTD_H 1
| /* end confdefs.h.  */
| #include <stdio.h>
| #ifdef HAVE_SYS_TYPES_H
| # include <sys/types.h>
| #endif
| #ifdef HAVE_SYS_STAT_H
| # include <sys/stat.h>
| #endif
| #ifdef STDC_HEADERS
| # include <stdlib.h>
| # include <stddef.h>
| #else
| # ifdef HAVE_STDLIB_H
| #  include <stdlib.h>
| # endif
| #endif
| #ifdef HAVE_STRING_H
| # if !defined STDC_HEADERS && defined HAVE_MEMORY_H
| #  include <memory.h>
| # endif
| # include <string.h>
| #endif
| #ifdef HAVE_STRINGS_H
| # include <strings.h>
| #endif
| #ifdef HAVE_INTTYPES_H
| # include <inttypes.h>
| #endif
| #ifdef HAVE_STDINT_H
| # include <stdint.h>
| #endif
| #ifdef HAVE_UNISTD_H
| # include <unistd.h>
| #endif
| int
| main ()
| {
| if (sizeof ((size_t)))
| 	    return 0;
|   ;
|   return 0;
| }
configure:4831: result: yes
configure:4855: checking for off_t
configure:4855: gcc -c -g -O2  conftest.c >&5
configure:4855: $? = 0
configure:4855: gcc -c -g -O2  conftest.c >&5
conftest.c: In function 'main':
conftest.c:56:20: error: expected expression before ')' token
 if (sizeof ((off_t)))
                    ^
configure:4855: $? = 1
configure: failed program was:
| /* confdefs.h */
| #define PACKAGE_NAME "WCSLIB"
| #define PACKAGE_TARNAME "wcslib-5.18"
| #define PACKAGE_VERSION "5.18"
| #define PACKAGE_STRING "WCSLIB 5.18"
| #define PACKAGE_BUGREPORT "mark@calabretta.id.au"
| #define PACKAGE_URL ""
| #define WCSLIB_VERSION 5.18
| #define STDC_HEADERS 1
| #define HAVE_SYS_TYPES_H 1
| #define HAVE_SYS_STAT_H 1
| #define HAVE_STDLIB_H 1
| #define HAVE_STRING_H 1
| #define HAVE_MEMORY_H 1
| #define HAVE_STRINGS_H 1
| #define HAVE_INTTYPES_H 1
| #define HAVE_STDINT_H 1
| #define HAVE_UNISTD_H 1
| /* end confdefs.h.  */
| #include <stdio.h>
| #ifdef HAVE_SYS_TYPES_H
| # include <sys/types.h>
| #endif
| #ifdef HAVE_SYS_STAT_H
| # include <sys/stat.h>
| #endif
| #ifdef STDC_HEADERS
| # include <stdlib.h>
| # include <stddef.h>
| #else
| # ifdef HAVE_STDLIB_H
| #  include <stdlib.h>
| # endif
| #endif
| #ifdef HAVE_STRING_H
| # if !defined STDC_HEADERS && defined HAVE_MEMORY_H
| #  include <memory.h>
| # endif
| # include <string.h>
| #endif
| #ifdef HAVE_STRINGS_H
| # include <strings.h>
| #endif
| #ifdef HAVE_INTTYPES_H
| # include <inttypes.h>
| #endif
| #ifdef HAVE_STDINT_H
| # include <stdint.h>
| #endif
| #ifdef HAVE_UNISTD_H
| # include <unistd.h>
| #endif
| int
| main ()
| {
| if (sizeof ((off_t)))
| 	    return 0;
|   ;
|   return 0;
| }
configure:4855: result: yes
configure:4866: checking for int8_t
configure:4866: gcc -c -g -O2  conftest.c >&5
configure:4866: $? = 0
configure:4866: gcc -c -g -O2  conftest.c >&5
conftest.c: In function 'main':
conftest.c:57:12: error: size of array 'test_array' is negative
 static int test_array [1 - 2 * !((int8_t) (((((int8_t) 1 << N) << N) - 1) * 2 + 1)
            ^~~~~~~~~~
configure:4866: $? = 1
configure: failed program was:
| /* confdefs.h */
| #define PACKAGE_NAME "WCSLIB"
| #define PACKAGE_TARNAME "wcslib-5.18"
| #define PACKAGE_VERSION "5.18"
| #define PACKAGE_STRING "WCSLIB 5.18"
| #define PACKAGE_BUGREPORT "mark@calabretta.id.au"
| #define PACKAGE_URL ""
| #define WCSLIB_VERSION 5.18
| #define STDC_HEADERS 1
| #define HAVE_SYS_TYPES_H 1
| #define HAVE_SYS_STAT_H 1
| #define HAVE_STDLIB_H 1
| #define HAVE_STRING_H 1
| #define HAVE_MEMORY_H 1
| #define HAVE_STRINGS_H 1
| #define HAVE_INTTYPES_H 1
| #define HAVE_STDINT_H 1
| #define HAVE_UNISTD_H 1
| /* end confdefs.h.  */
| #include <stdio.h>
| #ifdef HAVE_SYS_TYPES_H
| # include <sys/types.h>
| #endif
| #ifdef HAVE_SYS_STAT_H
| # include <sys/stat.h>
| #endif
| #ifdef STDC_HEADERS
| # include <stdlib.h>
| # include <stddef.h>
| #else
| # ifdef HAVE_STDLIB_H
| #  include <stdlib.h>
| # endif
| #endif
| #ifdef HAVE_STRING_H
| # if !defined STDC_HEADERS && defined HAVE_MEMORY_H
| #  include <memory.h>
| # endif
| # include <string.h>
| #endif
| #ifdef HAVE_STRINGS_H
| # include <strings.h>
| #endif
| #ifdef HAVE_INTTYPES_H
| # include <inttypes.h>
| #endif
| #ifdef HAVE_STDINT_H
| # include <stdint.h>
| #endif
| #ifdef HAVE_UNISTD_H
| # include <unistd.h>
| #endif
| 	        enum { N = 8 / 2 - 1 };
| int
| main ()
| {
| static int test_array [1 - 2 * !((int8_t) (((((int8_t) 1 << N) << N) - 1) * 2 + 1)
| 		 < (int8_t) (((((int8_t) 1 << N) << N) - 1) * 2 + 2))];
| test_array [0] = 0;
| return test_array [0];
| 
|   ;
|   return 0;
| }
configure:4866: result: yes
configure:4877: checking for int16_t
configure:4877: gcc -c -g -O2  conftest.c >&5
configure:4877: $? = 0
configure:4877: gcc -c -g -O2  conftest.c >&5
conftest.c: In function 'main':
conftest.c:57:12: error: size of array 'test_array' is negative
 static int test_array [1 - 2 * !((int16_t) (((((int16_t) 1 << N) << N) - 1) * 2 + 1)
            ^~~~~~~~~~
configure:4877: $? = 1
configure: failed program was:
| /* confdefs.h */
| #define PACKAGE_NAME "WCSLIB"
| #define PACKAGE_TARNAME "wcslib-5.18"
| #define PACKAGE_VERSION "5.18"
| #define PACKAGE_STRING "WCSLIB 5.18"
| #define PACKAGE_BUGREPORT "mark@calabretta.id.au"
| #define PACKAGE_URL ""
| #define WCSLIB_VERSION 5.18
| #define STDC_HEADERS 1
| #define HAVE_SYS_TYPES_H 1
| #define HAVE_SYS_STAT_H 1
| #define HAVE_STDLIB_H 1
| #define HAVE_STRING_H 1
| #define HAVE_MEMORY_H 1
| #define HAVE_STRINGS_H 1
| #define HAVE_INTTYPES_H 1
| #define HAVE_STDINT_H 1
| #define HAVE_UNISTD_H 1
| /* end confdefs.h.  */
| #include <stdio.h>
| #ifdef HAVE_SYS_TYPES_H
| # include <sys/types.h>
| #endif
| #ifdef HAVE_SYS_STAT_H
| # include <sys/stat.h>
| #endif
| #ifdef STDC_HEADERS
| # include <stdlib.h>
| # include <stddef.h>
| #else
| # ifdef HAVE_STDLIB_H
| #  include <stdlib.h>
| # endif
| #endif
| #ifdef HAVE_STRING_H
| # if !defined STDC_HEADERS && defined HAVE_MEMORY_H
| #  include <memory.h>
| # endif
| # include <string.h>
| #endif
| #ifdef HAVE_STRINGS_H
| # include <strings.h>
| #endif
| #ifdef HAVE_INTTYPES_H
| # include <inttypes.h>
| #endif
| #ifdef HAVE_STDINT_H
| # include <stdint.h>
| #endif
| #ifdef HAVE_UNISTD_H
| # include <unistd.h>
| #endif
| 	        enum { N = 16 / 2 - 1 };
| int
| main ()
| {
| static int test_array [1 - 2 * !((int16_t) (((((int16_t) 1 << N) << N) - 1) * 2 + 1)
| 		 < (int16_t) (((((int16_t) 1 << N) << N) - 1) * 2 + 2))];
| test_array [0] = 0;
| return test_array [0];
| 
|   ;
|   return 0;
| }
configure:4877: result: yes
configure:4888: checking for int32_t
configure:4888: gcc -c -g -O2  conftest.c >&5
configure:4888: $? = 0
configure:4888: gcc -c -g -O2  conftest.c >&5
conftest.c: In function 'main':
conftest.c:58:53: warning: integer overflow in expression [-Woverflow]
    < (int32_t) (((((int32_t) 1 << N) << N) - 1) * 2 + 2))];
                                                     ^
conftest.c:57:12: error: storage size of 'test_array' isn't constant
 static int test_array [1 - 2 * !((int32_t) (((((int32_t) 1 << N) << N) - 1) * 2 + 1)
            ^~~~~~~~~~
configure:4888: $? = 1
configure: failed program was:
| /* confdefs.h */
| #define PACKAGE_NAME "WCSLIB"
| #define PACKAGE_TARNAME "wcslib-5.18"
| #define PACKAGE_VERSION "5.18"
| #define PACKAGE_STRING "WCSLIB 5.18"
| #define PACKAGE_BUGREPORT "mark@calabretta.id.au"
| #define PACKAGE_URL ""
| #define WCSLIB_VERSION 5.18
| #define STDC_HEADERS 1
| #define HAVE_SYS_TYPES_H 1
| #define HAVE_SYS_STAT_H 1
| #define HAVE_STDLIB_H 1
| #define HAVE_STRING_H 1
| #define HAVE_MEMORY_H 1
| #define HAVE_STRINGS_H 1
| #define HAVE_INTTYPES_H 1
| #define HAVE_STDINT_H 1
| #define HAVE_UNISTD_H 1
| /* end confdefs.h.  */
| #include <stdio.h>
| #ifdef HAVE_SYS_TYPES_H
| # include <sys/types.h>
| #endif
| #ifdef HAVE_SYS_STAT_H
| # include <sys/stat.h>
| #endif
| #ifdef STDC_HEADERS
| # include <stdlib.h>
| # include <stddef.h>
| #else
| # ifdef HAVE_STDLIB_H
| #  include <stdlib.h>
| # endif
| #endif
| #ifdef HAVE_STRING_H
| # if !defined STDC_HEADERS && defined HAVE_MEMORY_H
| #  include <memory.h>
| # endif
| # include <string.h>
| #endif
| #ifdef HAVE_STRINGS_H
| # include <strings.h>
| #endif
| #ifdef HAVE_INTTYPES_H
| # include <inttypes.h>
| #endif
| #ifdef HAVE_STDINT_H
| # include <stdint.h>
| #endif
| #ifdef HAVE_UNISTD_H
| # include <unistd.h>
| #endif
| 	        enum { N = 32 / 2 - 1 };
| int
| main ()
| {
| static int test_array [1 - 2 * !((int32_t) (((((int32_t) 1 << N) << N) - 1) * 2 + 1)
| 		 < (int32_t) (((((int32_t) 1 << N) << N) - 1) * 2 + 2))];
| test_array [0] = 0;
| return test_array [0];
| 
|   ;
|   return 0;
| }
configure:4888: result: yes
configure:4899: checking for uint8_t
configure:4899: gcc -c -g -O2  conftest.c >&5
configure:4899: $? = 0
configure:4899: result: yes
configure:4913: checking for uint16_t
configure:4913: gcc -c -g -O2  conftest.c >&5
configure:4913: $? = 0
configure:4913: result: yes
configure:4925: checking for uint32_t
configure:4925: gcc -c -g -O2  conftest.c >&5
configure:4925: $? = 0
configure:4925: result: yes
configure:4941: checking for ANSI C header files
configure:5045: result: yes
configure:5057: checking ctype.h usability
configure:5057: gcc -c -g -O2  conftest.c >&5
configure:5057: $? = 0
configure:5057: result: yes
configure:5057: checking ctype.h presence
configure:5057: gcc -E  conftest.c
configure:5057: $? = 0
configure:5057: result: yes
configure:5057: checking for ctype.h
configure:5057: result: yes
configure:5057: checking errno.h usability
configure:5057: gcc -c -g -O2  conftest.c >&5
configure:5057: $? = 0
configure:5057: result: yes
configure:5057: checking errno.h presence
configure:5057: gcc -E  conftest.c
configure:5057: $? = 0
configure:5057: result: yes
configure:5057: checking for errno.h
configure:5057: result: yes
configure:5057: checking limits.h usability
configure:5057: gcc -c -g -O2  conftest.c >&5
configure:5057: $? = 0
configure:5057: result: yes
configure:5057: checking limits.h presence
configure:5057: gcc -E  conftest.c
configure:5057: $? = 0
configure:5057: result: yes
configure:5057: checking for limits.h
configure:5057: result: yes
configure:5057: checking locale.h usability
configure:5057: gcc -c -g -O2  conftest.c >&5
configure:5057: $? = 0
configure:5057: result: yes
configure:5057: checking locale.h presence
configure:5057: gcc -E  conftest.c
configure:5057: $? = 0
configure:5057: result: yes
configure:5057: checking for locale.h
configure:5057: result: yes
configure:5057: checking math.h usability
configure:5057: gcc -c -g -O2  conftest.c >&5
configure:5057: $? = 0
configure:5057: result: yes
configure:5057: checking math.h presence
configure:5057: gcc -E  conftest.c
configure:5057: $? = 0
configure:5057: result: yes
configure:5057: checking for math.h
configure:5057: result: yes
configure:5057: checking setjmp.h usability
configure:5057: gcc -c -g -O2  conftest.c >&5
configure:5057: $? = 0
configure:5057: result: yes
configure:5057: checking setjmp.h presence
configure:5057: gcc -E  conftest.c
configure:5057: $? = 0
configure:5057: result: yes
configure:5057: checking for setjmp.h
configure:5057: result: yes
configure:5057: checking stdarg.h usability
configure:5057: gcc -c -g -O2  conftest.c >&5
configure:5057: $? = 0
configure:5057: result: yes
configure:5057: checking stdarg.h presence
configure:5057: gcc -E  conftest.c
configure:5057: $? = 0
configure:5057: result: yes
configure:5057: checking for stdarg.h
configure:5057: result: yes
configure:5057: checking stdio.h usability
configure:5057: gcc -c -g -O2  conftest.c >&5
configure:5057: $? = 0
configure:5057: result: yes
configure:5057: checking stdio.h presence
configure:5057: gcc -E  conftest.c
configure:5057: $? = 0
configure:5057: result: yes
configure:5057: checking for stdio.h
configure:5057: result: yes
configure:5057: checking for stdlib.h
configure:5057: result: yes
configure:5057: checking for string.h
configure:5057: result: yes
configure:5079: checking for floor in -lm
configure:5104: gcc -o conftest -g -O2   conftest.c -lm   >&5
conftest.c:38:6: warning: conflicting types for built-in function 'floor'
 char floor ();
      ^~~~~
configure:5104: $? = 0
configure:5113: result: yes
configure:5124: checking for _LARGEFILE_SOURCE value needed for large files
configure:5143: gcc -o conftest -g -O2   conftest.c -lm  >&5
configure:5143: $? = 0
configure:5171: result: no
configure:5194: checking for stdlib.h
configure:5194: result: yes
configure:5204: checking for GNU libc compatible malloc
configure:5228: gcc -o conftest -g -O2   conftest.c -lm  >&5
configure:5228: $? = 0
configure:5228: ./conftest
configure:5228: $? = 0
configure:5238: result: yes
configure:5261: checking for stdlib.h
configure:5261: result: yes
configure:5271: checking for GNU libc compatible realloc
configure:5295: gcc -o conftest -g -O2   conftest.c -lm  >&5
configure:5295: $? = 0
configure:5295: ./conftest
configure:5295: $? = 0
configure:5305: result: yes
configure:5333: checking whether lstat correctly handles trailing slash
configure:5359: gcc -o conftest -g -O2   conftest.c -lm  >&5
configure:5359: $? = 0
configure:5359: ./conftest
configure:5359: $? = 0
configure:5376: result: yes
configure:5395: checking whether stat accepts an empty string
configure:5415: gcc -o conftest -g -O2   conftest.c -lm  >&5
configure:5415: $? = 0
configure:5415: ./conftest
configure:5415: $? = 0
configure:5425: result: no
configure:5443: checking for vprintf
configure:5443: gcc -o conftest -g -O2   conftest.c -lm  >&5
conftest.c:61:6: warning: conflicting types for built-in function 'vprintf'
 char vprintf ();
      ^~~~~~~
configure:5443: $? = 0
configure:5443: result: yes
configure:5449: checking for _doprnt
configure:5449: gcc -o conftest -g -O2   conftest.c -lm  >&5
/tmp/cc7CaknL.o: In function `main':
/home/davide/Slicer/wcslib/conftest.c:73: undefined reference to `_doprnt'
collect2: error: ld returned 1 exit status
configure:5449: $? = 1
configure: failed program was:
| /* confdefs.h */
| #define PACKAGE_NAME "WCSLIB"
| #define PACKAGE_TARNAME "wcslib-5.18"
| #define PACKAGE_VERSION "5.18"
| #define PACKAGE_STRING "WCSLIB 5.18"
| #define PACKAGE_BUGREPORT "mark@calabretta.id.au"
| #define PACKAGE_URL ""
| #define WCSLIB_VERSION 5.18
| #define STDC_HEADERS 1
| #define HAVE_SYS_TYPES_H 1
| #define HAVE_SYS_STAT_H 1
| #define HAVE_STDLIB_H 1
| #define HAVE_STRING_H 1
| #define HAVE_MEMORY_H 1
| #define HAVE_STRINGS_H 1
| #define HAVE_INTTYPES_H 1
| #define HAVE_STDINT_H 1
| #define HAVE_UNISTD_H 1
| #define STDC_HEADERS 1
| #define HAVE_CTYPE_H 1
| #define HAVE_ERRNO_H 1
| #define HAVE_LIMITS_H 1
| #define HAVE_LOCALE_H 1
| #define HAVE_MATH_H 1
| #define HAVE_SETJMP_H 1
| #define HAVE_STDARG_H 1
| #define HAVE_STDIO_H 1
| #define HAVE_STDLIB_H 1
| #define HAVE_STRING_H 1
| #define HAVE_LIBM 1
| #define HAVE_FSEEKO 1
| #define HAVE_STDLIB_H 1
| #define HAVE_MALLOC 1
| #define HAVE_STDLIB_H 1
| #define HAVE_REALLOC 1
| #define LSTAT_FOLLOWS_SLASHED_SYMLINK 1
| #define HAVE_VPRINTF 1
| /* end confdefs.h.  */
| /* Define _doprnt to an innocuous variant, in case <limits.h> declares _doprnt.
|    For example, HP-UX 11i <limits.h> declares gettimeofday.  */
| #define _doprnt innocuous__doprnt
| 
| /* System header to define __stub macros and hopefully few prototypes,
|     which can conflict with char _doprnt (); below.
|     Prefer <limits.h> to <assert.h> if __STDC__ is defined, since
|     <limits.h> exists even on freestanding compilers.  */
| 
| #ifdef __STDC__
| # include <limits.h>
| #else
| # include <assert.h>
| #endif
| 
| #undef _doprnt
| 
| /* Override any GCC internal prototype to avoid an error.
|    Use char because int might match the return type of a GCC
|    builtin and then its argument prototype would still apply.  */
| #ifdef __cplusplus
| extern "C"
| #endif
| char _doprnt ();
| /* The GNU C library defines this for functions which it implements
|     to always fail with ENOSYS.  Some functions are actually named
|     something starting with __ and the normal name is an alias.  */
| #if defined __stub__doprnt || defined __stub____doprnt
| choke me
| #endif
| 
| int
| main ()
| {
| return _doprnt ();
|   ;
|   return 0;
| }
configure:5449: result: no
configure:5463: checking for floor
configure:5463: gcc -o conftest -g -O2   conftest.c -lm  >&5
conftest.c:62:6: warning: conflicting types for built-in function 'floor'
 char floor ();
      ^~~~~
configure:5463: $? = 0
configure:5463: result: yes
configure:5463: checking for memset
configure:5463: gcc -o conftest -g -O2   conftest.c -lm  >&5
conftest.c:63:6: warning: conflicting types for built-in function 'memset'
 char memset ();
      ^~~~~~
configure:5463: $? = 0
configure:5463: result: yes
configure:5463: checking for pow
configure:5463: gcc -o conftest -g -O2   conftest.c -lm  >&5
conftest.c:64:6: warning: conflicting types for built-in function 'pow'
 char pow ();
      ^~~
configure:5463: $? = 0
configure:5463: result: yes
configure:5463: checking for setlocale
configure:5463: gcc -o conftest -g -O2   conftest.c -lm  >&5
configure:5463: $? = 0
configure:5463: result: yes
configure:5463: checking for sqrt
configure:5463: gcc -o conftest -g -O2   conftest.c -lm  >&5
conftest.c:66:6: warning: conflicting types for built-in function 'sqrt'
 char sqrt ();
      ^~~~
configure:5463: $? = 0
configure:5463: result: yes
configure:5463: checking for strchr
configure:5463: gcc -o conftest -g -O2   conftest.c -lm  >&5
conftest.c:67:6: warning: conflicting types for built-in function 'strchr'
 char strchr ();
      ^~~~~~
configure:5463: $? = 0
configure:5463: result: yes
configure:5463: checking for strstr
configure:5463: gcc -o conftest -g -O2   conftest.c -lm  >&5
conftest.c:68:6: warning: conflicting types for built-in function 'strstr'
 char strstr ();
      ^~~~~~
configure:5463: $? = 0
configure:5463: result: yes
configure:5475: checking for cosd in -lsunmath
configure:5500: gcc -o conftest -g -O2   conftest.c -lsunmath  -lm  >&5
/usr/bin/ld: cannot find -lsunmath
collect2: error: ld returned 1 exit status
configure:5500: $? = 1
configure: failed program was:
| /* confdefs.h */
| #define PACKAGE_NAME "WCSLIB"
| #define PACKAGE_TARNAME "wcslib-5.18"
| #define PACKAGE_VERSION "5.18"
| #define PACKAGE_STRING "WCSLIB 5.18"
| #define PACKAGE_BUGREPORT "mark@calabretta.id.au"
| #define PACKAGE_URL ""
| #define WCSLIB_VERSION 5.18
| #define STDC_HEADERS 1
| #define HAVE_SYS_TYPES_H 1
| #define HAVE_SYS_STAT_H 1
| #define HAVE_STDLIB_H 1
| #define HAVE_STRING_H 1
| #define HAVE_MEMORY_H 1
| #define HAVE_STRINGS_H 1
| #define HAVE_INTTYPES_H 1
| #define HAVE_STDINT_H 1
| #define HAVE_UNISTD_H 1
| #define STDC_HEADERS 1
| #define HAVE_CTYPE_H 1
| #define HAVE_ERRNO_H 1
| #define HAVE_LIMITS_H 1
| #define HAVE_LOCALE_H 1
| #define HAVE_MATH_H 1
| #define HAVE_SETJMP_H 1
| #define HAVE_STDARG_H 1
| #define HAVE_STDIO_H 1
| #define HAVE_STDLIB_H 1
| #define HAVE_STRING_H 1
| #define HAVE_LIBM 1
| #define HAVE_FSEEKO 1
| #define HAVE_STDLIB_H 1
| #define HAVE_MALLOC 1
| #define HAVE_STDLIB_H 1
| #define HAVE_REALLOC 1
| #define LSTAT_FOLLOWS_SLASHED_SYMLINK 1
| #define HAVE_VPRINTF 1
| #define HAVE_FLOOR 1
| #define HAVE_MEMSET 1
| #define HAVE_POW 1
| #define HAVE_SETLOCALE 1
| #define HAVE_SQRT 1
| #define HAVE_STRCHR 1
| #define HAVE_STRSTR 1
| /* end confdefs.h.  */
| 
| /* Override any GCC internal prototype to avoid an error.
|    Use char because int might match the return type of a GCC
|    builtin and then its argument prototype would still apply.  */
| #ifdef __cplusplus
| extern "C"
| #endif
| char cosd ();
| int
| main ()
| {
| return cosd ();
|   ;
|   return 0;
| }
configure:5509: result: no
configure:5519: checking for sincos
configure:5519: gcc -o conftest -g -O2   conftest.c -lm  >&5
conftest.c:69:6: warning: conflicting types for built-in function 'sincos'
 char sincos ();
      ^~~~~~
configure:5519: $? = 0
configure:5519: result: yes
configure:5534: checking size of int
configure:5539: gcc -o conftest -g -O2   conftest.c -lm  >&5
configure:5539: $? = 0
configure:5539: ./conftest
configure:5539: $? = 0
configure:5553: result: 4
configure:5567: checking size of long int
configure:5572: gcc -o conftest -g -O2   conftest.c -lm  >&5
configure:5572: $? = 0
configure:5572: ./conftest
configure:5572: $? = 0
configure:5586: result: 8
configure:5600: checking size of long long int
configure:5605: gcc -o conftest -g -O2   conftest.c -lm  >&5
configure:5605: $? = 0
configure:5605: ./conftest
configure:5605: $? = 0
configure:5619: result: 8
configure:5651: checking for printf z format modifier for size_t type
configure:5676: gcc -o conftest -g -O2   conftest.c -lm  >&5
configure:5676: $? = 0
configure:5676: ./conftest
configure:5676: $? = 0
configure:5680: result: yes
configure:5787: checking for gfortran
configure:5803: found /usr/bin/gfortran
configure:5814: result: gfortran
configure:5840: checking for Fortran 77 compiler version
configure:5849: gfortran --version >&5
GNU Fortran (Ubuntu 6.4.0-8ubuntu1) 6.4.0 20171010
Copyright (C) 2017 Free Software Foundation, Inc.
This is free software; see the source for copying conditions.  There is NO
warranty; not even for MERCHANTABILITY or FITNESS FOR A PARTICULAR PURPOSE.

configure:5860: $? = 0
configure:5849: gfortran -v >&5
Using built-in specs.
COLLECT_GCC=gfortran
COLLECT_LTO_WRAPPER=/usr/lib/gcc/x86_64-linux-gnu/6/lto-wrapper
Target: x86_64-linux-gnu
Configured with: ../src/configure -v --with-pkgversion='Ubuntu 6.4.0-8ubuntu1' --with-bugurl=file:///usr/share/doc/gcc-6/README.Bugs --enable-languages=c,ada,c++,java,go,d,fortran,objc,obj-c++ --prefix=/usr --program-suffix=-6 --program-prefix=x86_64-linux-gnu- --enable-shared --enable-linker-build-id --libexecdir=/usr/lib --without-included-gettext --enable-threads=posix --libdir=/usr/lib --enable-nls --with-sysroot=/ --enable-clocale=gnu --enable-libstdcxx-debug --enable-libstdcxx-time=yes --with-default-libstdcxx-abi=new --enable-gnu-unique-object --disable-vtable-verify --enable-libmpx --enable-plugin --enable-default-pie --with-system-zlib --disable-browser-plugin --enable-java-awt=gtk --enable-gtk-cairo --with-java-home=/usr/lib/jvm/java-1.5.0-gcj-6-amd64/jre --enable-java-home --with-jvm-root-dir=/usr/lib/jvm/java-1.5.0-gcj-6-amd64 --with-jvm-jar-dir=/usr/lib/jvm-exports/java-1.5.0-gcj-6-amd64 --with-arch-directory=amd64 --with-ecj-jar=/usr/share/java/eclipse-ecj.jar --with-target-system-zlib --enable-objc-gc=auto --enable-multiarch --disable-werror --with-arch-32=i686 --with-abi=m64 --with-multilib-list=m32,m64,mx32 --enable-multilib --with-tune=generic --enable-checking=release --build=x86_64-linux-gnu --host=x86_64-linux-gnu --target=x86_64-linux-gnu
Thread model: posix
gcc version 6.4.0 20171010 (Ubuntu 6.4.0-8ubuntu1) 
configure:5860: $? = 0
configure:5849: gfortran -V >&5
gfortran: error: unrecognized command line option '-V'
gfortran: fatal error: no input files
compilation terminated.
configure:5860: $? = 1
configure:5849: gfortran -qversion >&5
gfortran: error: unrecognized command line option '-qversion'; did you mean '--version'?
gfortran: fatal error: no input files
compilation terminated.
configure:5860: $? = 1
configure:5869: checking whether we are using the GNU Fortran 77 compiler
configure:5882: gfortran -c  conftest.F >&5
configure:5882: $? = 0
configure:5891: result: yes
configure:5897: checking whether gfortran accepts -g
configure:5908: gfortran -c -g conftest.f >&5
configure:5908: $? = 0
configure:5916: result: yes
configure:5970: checking whether gfortran accepts -I
configure:5985: gfortran -c -I. conftest.f >&5
configure:5985: $? = 0
configure:5986: result: yes
configure:6003: checking host system type
configure:6016: result: x86_64-unknown-linux-gnu
configure:6040: checking how to get verbose linking output from gfortran
configure:6050: gfortran -c -g -O2 -I. conftest.f >&5
configure:6050: $? = 0
configure:6068: gfortran -o conftest -g -O2 -I. -v conftest.f -lm
Using built-in specs.
Target: x86_64-linux-gnu
Thread model: posix
gcc version 6.4.0 20171010 (Ubuntu 6.4.0-8ubuntu1) 
 /usr/lib/gcc/x86_64-linux-gnu/6/f951 conftest.f -ffixed-form -I . -quiet -dumpbase conftest.f -mtune=generic -march=x86-64 -auxbase conftest -g -O2 -version -fintrinsic-modules-path /usr/lib/gcc/x86_64-linux-gnu/6/finclude -o /tmp/ccIiggVR.s
GNU Fortran (Ubuntu 6.4.0-8ubuntu1) version 6.4.0 20171010 (x86_64-linux-gnu)
	compiled by GNU C version 6.4.0 20171010, GMP version 6.1.2, MPFR version 3.1.6, MPC version 1.0.3, isl version 0.15
GGC heuristics: --param ggc-min-expand=100 --param ggc-min-heapsize=131072
GNU Fortran2008 (Ubuntu 6.4.0-8ubuntu1) version 6.4.0 20171010 (x86_64-linux-gnu)
	compiled by GNU C version 6.4.0 20171010, GMP version 6.1.2, MPFR version 3.1.6, MPC version 1.0.3, isl version 0.15
GGC heuristics: --param ggc-min-expand=100 --param ggc-min-heapsize=131072
 as -v -I . --64 -o /tmp/ccD68x6t.o /tmp/ccIiggVR.s
GNU assembler version 2.29.1 (x86_64-linux-gnu) using BFD version (GNU Binutils for Ubuntu) 2.29.1
Reading specs from /usr/lib/gcc/x86_64-linux-gnu/6/libgfortran.spec
rename spec lib to liborig
 /usr/lib/gcc/x86_64-linux-gnu/6/collect2 -plugin /usr/lib/gcc/x86_64-linux-gnu/6/liblto_plugin.so -plugin-opt=/usr/lib/gcc/x86_64-linux-gnu/6/lto-wrapper -plugin-opt=-fresolution=/tmp/ccii8Ei6.res -plugin-opt=-pass-through=-lgcc_s -plugin-opt=-pass-through=-lgcc -plugin-opt=-pass-through=-lquadmath -plugin-opt=-pass-through=-lm -plugin-opt=-pass-through=-lgcc_s -plugin-opt=-pass-through=-lgcc -plugin-opt=-pass-through=-lc -plugin-opt=-pass-through=-lgcc_s -plugin-opt=-pass-through=-lgcc --sysroot=/ --build-id --eh-frame-hdr -m elf_x86_64 --hash-style=gnu --as-needed -dynamic-linker /lib64/ld-linux-x86-64.so.2 -pie -z now -z relro -o conftest /usr/lib/gcc/x86_64-linux-gnu/6/../../../x86_64-linux-gnu/Scrt1.o /usr/lib/gcc/x86_64-linux-gnu/6/../../../x86_64-linux-gnu/crti.o /usr/lib/gcc/x86_64-linux-gnu/6/crtbeginS.o -L/usr/lib/gcc/x86_64-linux-gnu/6 -L/usr/lib/gcc/x86_64-linux-gnu/6/../../../x86_64-linux-gnu -L/usr/lib/gcc/x86_64-linux-gnu/6/../../../../lib -L/lib/x86_64-linux-gnu -L/lib/../lib -L/usr/lib/x86_64-linux-gnu -L/usr/lib/../lib -L/usr/lib/gcc/x86_64-linux-gnu/6/../../.. /tmp/ccD68x6t.o -lgfortran -lm -lgfortran -lm -lgcc_s -lgcc -lquadmath -lm -lgcc_s -lgcc -lc -lgcc_s -lgcc /usr/lib/gcc/x86_64-linux-gnu/6/crtendS.o /usr/lib/gcc/x86_64-linux-gnu/6/../../../x86_64-linux-gnu/crtn.o
configure:6151: result: -v
configure:6153: checking for Fortran 77 libraries of gfortran
configure:6176: gfortran -o conftest -g -O2 -I. -v conftest.f -lm
Using built-in specs.
Target: x86_64-linux-gnu
Thread model: posix
gcc version 6.4.0 20171010 (Ubuntu 6.4.0-8ubuntu1) 
 /usr/lib/gcc/x86_64-linux-gnu/6/f951 conftest.f -ffixed-form -I . -quiet -dumpbase conftest.f -mtune=generic -march=x86-64 -auxbase conftest -g -O2 -version -fintrinsic-modules-path /usr/lib/gcc/x86_64-linux-gnu/6/finclude -o /tmp/cctqrCMS.s
GNU Fortran (Ubuntu 6.4.0-8ubuntu1) version 6.4.0 20171010 (x86_64-linux-gnu)
	compiled by GNU C version 6.4.0 20171010, GMP version 6.1.2, MPFR version 3.1.6, MPC version 1.0.3, isl version 0.15
GGC heuristics: --param ggc-min-expand=100 --param ggc-min-heapsize=131072
GNU Fortran2008 (Ubuntu 6.4.0-8ubuntu1) version 6.4.0 20171010 (x86_64-linux-gnu)
	compiled by GNU C version 6.4.0 20171010, GMP version 6.1.2, MPFR version 3.1.6, MPC version 1.0.3, isl version 0.15
GGC heuristics: --param ggc-min-expand=100 --param ggc-min-heapsize=131072
 as -v -I . --64 -o /tmp/cctPl06u.o /tmp/cctqrCMS.s
GNU assembler version 2.29.1 (x86_64-linux-gnu) using BFD version (GNU Binutils for Ubuntu) 2.29.1
Reading specs from /usr/lib/gcc/x86_64-linux-gnu/6/libgfortran.spec
rename spec lib to liborig
 /usr/lib/gcc/x86_64-linux-gnu/6/collect2 -plugin /usr/lib/gcc/x86_64-linux-gnu/6/liblto_plugin.so -plugin-opt=/usr/lib/gcc/x86_64-linux-gnu/6/lto-wrapper -plugin-opt=-fresolution=/tmp/cc3WV9r7.res -plugin-opt=-pass-through=-lgcc_s -plugin-opt=-pass-through=-lgcc -plugin-opt=-pass-through=-lquadmath -plugin-opt=-pass-through=-lm -plugin-opt=-pass-through=-lgcc_s -plugin-opt=-pass-through=-lgcc -plugin-opt=-pass-through=-lc -plugin-opt=-pass-through=-lgcc_s -plugin-opt=-pass-through=-lgcc --sysroot=/ --build-id --eh-frame-hdr -m elf_x86_64 --hash-style=gnu --as-needed -dynamic-linker /lib64/ld-linux-x86-64.so.2 -pie -z now -z relro -o conftest /usr/lib/gcc/x86_64-linux-gnu/6/../../../x86_64-linux-gnu/Scrt1.o /usr/lib/gcc/x86_64-linux-gnu/6/../../../x86_64-linux-gnu/crti.o /usr/lib/gcc/x86_64-linux-gnu/6/crtbeginS.o -L/usr/lib/gcc/x86_64-linux-gnu/6 -L/usr/lib/gcc/x86_64-linux-gnu/6/../../../x86_64-linux-gnu -L/usr/lib/gcc/x86_64-linux-gnu/6/../../../../lib -L/lib/x86_64-linux-gnu -L/lib/../lib -L/usr/lib/x86_64-linux-gnu -L/usr/lib/../lib -L/usr/lib/gcc/x86_64-linux-gnu/6/../../.. /tmp/cctPl06u.o -lgfortran -lm -lgfortran -lm -lgcc_s -lgcc -lquadmath -lm -lgcc_s -lgcc -lc -lgcc_s -lgcc /usr/lib/gcc/x86_64-linux-gnu/6/crtendS.o /usr/lib/gcc/x86_64-linux-gnu/6/../../../x86_64-linux-gnu/crtn.o
configure:6372: result:  -L/usr/lib/gcc/x86_64-linux-gnu/6 -L/usr/lib/gcc/x86_64-linux-gnu/6/../../../x86_64-linux-gnu -L/usr/lib/gcc/x86_64-linux-gnu/6/../../../../lib -L/lib/x86_64-linux-gnu -L/lib/../lib -L/usr/lib/x86_64-linux-gnu -L/usr/lib/../lib -L/usr/lib/gcc/x86_64-linux-gnu/6/../../.. -lgfortran -lm -lquadmath
configure:6390: checking for dummy main to link with Fortran 77 libraries
configure:6424: gcc -o conftest -g -O2   conftest.c -lm   -L/usr/lib/gcc/x86_64-linux-gnu/6 -L/usr/lib/gcc/x86_64-linux-gnu/6/../../../x86_64-linux-gnu -L/usr/lib/gcc/x86_64-linux-gnu/6/../../../../lib -L/lib/x86_64-linux-gnu -L/lib/../lib -L/usr/lib/x86_64-linux-gnu -L/usr/lib/../lib -L/usr/lib/gcc/x86_64-linux-gnu/6/../../.. -lgfortran -lm -lquadmath >&5
configure:6424: $? = 0
configure:6469: result: none
configure:6502: checking for Fortran 77 name-mangling scheme
configure:6515: gfortran -c -g -O2 -I. conftest.f >&5
configure:6515: $? = 0
configure:6556: gcc -o conftest -g -O2   conftest.c cfortran_test.o -lm   -L/usr/lib/gcc/x86_64-linux-gnu/6 -L/usr/lib/gcc/x86_64-linux-gnu/6/../../../x86_64-linux-gnu -L/usr/lib/gcc/x86_64-linux-gnu/6/../../../../lib -L/lib/x86_64-linux-gnu -L/lib/../lib -L/usr/lib/x86_64-linux-gnu -L/usr/lib/../lib -L/usr/lib/gcc/x86_64-linux-gnu/6/../../.. -lgfortran -lm -lquadmath >&5
/tmp/ccSj42Pr.o: In function `main':
/home/davide/Slicer/wcslib/conftest.c:71: undefined reference to `foobar'
collect2: error: ld returned 1 exit status
configure:6556: $? = 1
configure: failed program was:
| /* confdefs.h */
| #define PACKAGE_NAME "WCSLIB"
| #define PACKAGE_TARNAME "wcslib-5.18"
| #define PACKAGE_VERSION "5.18"
| #define PACKAGE_STRING "WCSLIB 5.18"
| #define PACKAGE_BUGREPORT "mark@calabretta.id.au"
| #define PACKAGE_URL ""
| #define WCSLIB_VERSION 5.18
| #define STDC_HEADERS 1
| #define HAVE_SYS_TYPES_H 1
| #define HAVE_SYS_STAT_H 1
| #define HAVE_STDLIB_H 1
| #define HAVE_STRING_H 1
| #define HAVE_MEMORY_H 1
| #define HAVE_STRINGS_H 1
| #define HAVE_INTTYPES_H 1
| #define HAVE_STDINT_H 1
| #define HAVE_UNISTD_H 1
| #define STDC_HEADERS 1
| #define HAVE_CTYPE_H 1
| #define HAVE_ERRNO_H 1
| #define HAVE_LIMITS_H 1
| #define HAVE_LOCALE_H 1
| #define HAVE_MATH_H 1
| #define HAVE_SETJMP_H 1
| #define HAVE_STDARG_H 1
| #define HAVE_STDIO_H 1
| #define HAVE_STDLIB_H 1
| #define HAVE_STRING_H 1
| #define HAVE_LIBM 1
| #define HAVE_FSEEKO 1
| #define HAVE_STDLIB_H 1
| #define HAVE_MALLOC 1
| #define HAVE_STDLIB_H 1
| #define HAVE_REALLOC 1
| #define LSTAT_FOLLOWS_SLASHED_SYMLINK 1
| #define HAVE_VPRINTF 1
| #define HAVE_FLOOR 1
| #define HAVE_MEMSET 1
| #define HAVE_POW 1
| #define HAVE_SETLOCALE 1
| #define HAVE_SQRT 1
| #define HAVE_STRCHR 1
| #define HAVE_STRSTR 1
| #define HAVE_SINCOS 1
| #define SIZEOF_INT 4
| #define SIZEOF_LONG_INT 8
| #define SIZEOF_LONG_LONG_INT 8
| #define WCSLIB_INT64 long long int
| #define MODZ "z"
| /* end confdefs.h.  */
| 
| /* Override any GCC internal prototype to avoid an error.
|    Use char because int might match the return type of a GCC
|    builtin and then its argument prototype would still apply.  */
| #ifdef __cplusplus
| extern "C"
| #endif
| char foobar ();
| #ifdef F77_DUMMY_MAIN
| 
| #  ifdef __cplusplus
|      extern "C"
| #  endif
|    int F77_DUMMY_MAIN() { return 1; }
| 
| #endif
| int
| main ()
| {
| return foobar ();
|   ;
|   return 0;
| }
configure:6556: gcc -o conftest -g -O2   conftest.c cfortran_test.o -lm   -L/usr/lib/gcc/x86_64-linux-gnu/6 -L/usr/lib/gcc/x86_64-linux-gnu/6/../../../x86_64-linux-gnu -L/usr/lib/gcc/x86_64-linux-gnu/6/../../../../lib -L/lib/x86_64-linux-gnu -L/lib/../lib -L/usr/lib/x86_64-linux-gnu -L/usr/lib/../lib -L/usr/lib/gcc/x86_64-linux-gnu/6/../../.. -lgfortran -lm -lquadmath >&5
configure:6556: $? = 0
configure:6614: gcc -o conftest -g -O2   conftest.c cfortran_test.o -lm   -L/usr/lib/gcc/x86_64-linux-gnu/6 -L/usr/lib/gcc/x86_64-linux-gnu/6/../../../x86_64-linux-gnu -L/usr/lib/gcc/x86_64-linux-gnu/6/../../../../lib -L/lib/x86_64-linux-gnu -L/lib/../lib -L/usr/lib/x86_64-linux-gnu -L/usr/lib/../lib -L/usr/lib/gcc/x86_64-linux-gnu/6/../../.. -lgfortran -lm -lquadmath >&5
configure:6614: $? = 0
configure:6656: result: lower case, underscore, no extra underscore
configure:6734: checking for printf$LDBLStub in -lSystemStubs
configure:6767: gcc -o conftest -g -O2   conftest.c -lSystemStubs  -lm  >&5
/usr/bin/ld: cannot find -lSystemStubs
collect2: error: ld returned 1 exit status
configure:6767: $? = 1
configure: failed program was:
| /* confdefs.h */
| #define PACKAGE_NAME "WCSLIB"
| #define PACKAGE_TARNAME "wcslib-5.18"
| #define PACKAGE_VERSION "5.18"
| #define PACKAGE_STRING "WCSLIB 5.18"
| #define PACKAGE_BUGREPORT "mark@calabretta.id.au"
| #define PACKAGE_URL ""
| #define WCSLIB_VERSION 5.18
| #define STDC_HEADERS 1
| #define HAVE_SYS_TYPES_H 1
| #define HAVE_SYS_STAT_H 1
| #define HAVE_STDLIB_H 1
| #define HAVE_STRING_H 1
| #define HAVE_MEMORY_H 1
| #define HAVE_STRINGS_H 1
| #define HAVE_INTTYPES_H 1
| #define HAVE_STDINT_H 1
| #define HAVE_UNISTD_H 1
| #define STDC_HEADERS 1
| #define HAVE_CTYPE_H 1
| #define HAVE_ERRNO_H 1
| #define HAVE_LIMITS_H 1
| #define HAVE_LOCALE_H 1
| #define HAVE_MATH_H 1
| #define HAVE_SETJMP_H 1
| #define HAVE_STDARG_H 1
| #define HAVE_STDIO_H 1
| #define HAVE_STDLIB_H 1
| #define HAVE_STRING_H 1
| #define HAVE_LIBM 1
| #define HAVE_FSEEKO 1
| #define HAVE_STDLIB_H 1
| #define HAVE_MALLOC 1
| #define HAVE_STDLIB_H 1
| #define HAVE_REALLOC 1
| #define LSTAT_FOLLOWS_SLASHED_SYMLINK 1
| #define HAVE_VPRINTF 1
| #define HAVE_FLOOR 1
| #define HAVE_MEMSET 1
| #define HAVE_POW 1
| #define HAVE_SETLOCALE 1
| #define HAVE_SQRT 1
| #define HAVE_STRCHR 1
| #define HAVE_STRSTR 1
| #define HAVE_SINCOS 1
| #define SIZEOF_INT 4
| #define SIZEOF_LONG_INT 8
| #define SIZEOF_LONG_LONG_INT 8
| #define WCSLIB_INT64 long long int
| #define MODZ "z"
| #define F77_FUNC(name,NAME) name ## _
| #define F77_FUNC_(name,NAME) name ## _
| /* end confdefs.h.  */
| 
| /* Override any GCC internal prototype to avoid an error.
|    Use char because int might match the return type of a GCC
|    builtin and then its argument prototype would still apply.  */
| #ifdef __cplusplus
| extern "C"
| #endif
| char printf$LDBLStub ();
| #ifdef F77_DUMMY_MAIN
| 
| #  ifdef __cplusplus
|      extern "C"
| #  endif
|    int F77_DUMMY_MAIN() { return 1; }
| 
| #endif
| int
| main ()
| {
| return printf$LDBLStub ();
|   ;
|   return 0;
| }
configure:6777: result: no
configure:6832: checking for ranlib
configure:6848: found /usr/bin/ranlib
configure:6859: result: ranlib
configure:6931: checking whether ln -s works
configure:6935: result: yes
configure:6956: checking for a BSD-compatible install
configure:7024: result: /usr/bin/install -c
configure:7037: End of primary configuration.

configure:7044: Looking for libraries etc. for utilities and test suite...
configure:7050: checking for unistd.h
configure:7050: result: yes
configure:7062: checking for _LARGEFILE_SOURCE value needed for large files
configure:7125: result: no
configure:7153: checking for special C compiler options needed for large files
configure:7206: result: no
configure:7212: checking for _FILE_OFFSET_BITS value needed for large files
configure:7245: gcc -c -g -O2  conftest.c >&5
configure:7245: $? = 0
configure:7285: result: no
configure:7481: checking for /usr/local/cfitsio/lib
configure:7495: result: no
configure:7481: checking for /local/cfitsio/lib
configure:7495: result: no
configure:7481: checking for /usr/local/pgplot/lib
configure:7495: result: no
configure:7481: checking for /local/pgplot/lib
configure:7495: result: no
configure:7481: checking for /usr/local/lib
configure:7495: result: yes
configure:7481: checking for /local/lib
configure:7495: result: no
configure:7481: checking for /opt/local/lib
configure:7495: result: no
configure:7481: checking for /opt/SUNWspro/lib
configure:7495: result: no
configure:7481: checking for /sw/lib
configure:7495: result: no
configure:7519: checking for /usr/local/cfitsio/include/cfitsio/fitsio.h
configure:7533: result: no
configure:7540: checking for /usr/local/cfitsio/include/fitsio.h
configure:7554: result: no
configure:7519: checking for /local/cfitsio/include/cfitsio/fitsio.h
configure:7533: result: no
configure:7540: checking for /local/cfitsio/include/fitsio.h
configure:7554: result: no
configure:7519: checking for /usr/local/include/cfitsio/fitsio.h
configure:7533: result: no
configure:7540: checking for /usr/local/include/fitsio.h
configure:7554: result: no
configure:7519: checking for /local/include/cfitsio/fitsio.h
configure:7533: result: no
configure:7540: checking for /local/include/fitsio.h
configure:7554: result: no
configure:7519: checking for /opt/local/include/cfitsio/fitsio.h
configure:7533: result: no
configure:7540: checking for /opt/local/include/fitsio.h
configure:7554: result: no
configure:7519: checking for /sw/include/cfitsio/fitsio.h
configure:7533: result: no
configure:7540: checking for /sw/include/fitsio.h
configure:7554: result: no
configure:7519: checking for /local/cfitsio/fitsio.h
configure:7533: result: no
configure:7540: checking for /local/fitsio.h
configure:7554: result: no
configure:7519: checking for /usr/include/cfitsio/fitsio.h
configure:7533: result: no
configure:7540: checking for /usr/include/fitsio.h
configure:7554: result: yes
configure:7562: checking for recv in -lsocket
configure:7595: gcc -o conftest -g -O2   -L/usr/local/lib conftest.c -lsocket -lm  -lm  >&5
/usr/bin/ld: cannot find -lsocket
collect2: error: ld returned 1 exit status
configure:7595: $? = 1
configure: failed program was:
| /* confdefs.h */
| #define PACKAGE_NAME "WCSLIB"
| #define PACKAGE_TARNAME "wcslib-5.18"
| #define PACKAGE_VERSION "5.18"
| #define PACKAGE_STRING "WCSLIB 5.18"
| #define PACKAGE_BUGREPORT "mark@calabretta.id.au"
| #define PACKAGE_URL ""
| #define WCSLIB_VERSION 5.18
| #define STDC_HEADERS 1
| #define HAVE_SYS_TYPES_H 1
| #define HAVE_SYS_STAT_H 1
| #define HAVE_STDLIB_H 1
| #define HAVE_STRING_H 1
| #define HAVE_MEMORY_H 1
| #define HAVE_STRINGS_H 1
| #define HAVE_INTTYPES_H 1
| #define HAVE_STDINT_H 1
| #define HAVE_UNISTD_H 1
| #define STDC_HEADERS 1
| #define HAVE_CTYPE_H 1
| #define HAVE_ERRNO_H 1
| #define HAVE_LIMITS_H 1
| #define HAVE_LOCALE_H 1
| #define HAVE_MATH_H 1
| #define HAVE_SETJMP_H 1
| #define HAVE_STDARG_H 1
| #define HAVE_STDIO_H 1
| #define HAVE_STDLIB_H 1
| #define HAVE_STRING_H 1
| #define HAVE_LIBM 1
| #define HAVE_FSEEKO 1
| #define HAVE_STDLIB_H 1
| #define HAVE_MALLOC 1
| #define HAVE_STDLIB_H 1
| #define HAVE_REALLOC 1
| #define LSTAT_FOLLOWS_SLASHED_SYMLINK 1
| #define HAVE_VPRINTF 1
| #define HAVE_FLOOR 1
| #define HAVE_MEMSET 1
| #define HAVE_POW 1
| #define HAVE_SETLOCALE 1
| #define HAVE_SQRT 1
| #define HAVE_STRCHR 1
| #define HAVE_STRSTR 1
| #define HAVE_SINCOS 1
| #define SIZEOF_INT 4
| #define SIZEOF_LONG_INT 8
| #define SIZEOF_LONG_LONG_INT 8
| #define WCSLIB_INT64 long long int
| #define MODZ "z"
| #define F77_FUNC(name,NAME) name ## _
| #define F77_FUNC_(name,NAME) name ## _
| #define HAVE_UNISTD_H 1
| #define HAVE_FSEEKO 1
| /* end confdefs.h.  */
| 
| /* Override any GCC internal prototype to avoid an error.
|    Use char because int might match the return type of a GCC
|    builtin and then its argument prototype would still apply.  */
| #ifdef __cplusplus
| extern "C"
| #endif
| char recv ();
| #ifdef F77_DUMMY_MAIN
| 
| #  ifdef __cplusplus
|      extern "C"
| #  endif
|    int F77_DUMMY_MAIN() { return 1; }
| 
| #endif
| int
| main ()
| {
| return recv ();
|   ;
|   return 0;
| }
configure:7604: result: no
configure:7610: checking for ffopen in -lcfitsio
configure:7643: gcc -o conftest -g -O2   -L/usr/local/lib conftest.c -lcfitsio  -lm  -lm  >&5
configure:7643: $? = 0
configure:7652: result: yes
configure:7663: CFITSIO appears to be available.
configure:7670: checking for fits_read_wcstab in -lcfitsio
configure:7703: gcc -o conftest -g -O2   -L/usr/local/lib conftest.c -lcfitsio -lcfitsio  -lm  -lm  >&5
configure:7703: $? = 0
configure:7712: result: yes
configure:7734: checking for /usr/local/pgplot/include/pgplot/cpgplot.h
configure:7748: result: no
configure:7755: checking for /usr/local/pgplot/include/cpgplot.h
configure:7769: result: no
configure:7734: checking for /local/pgplot/include/pgplot/cpgplot.h
configure:7748: result: no
configure:7755: checking for /local/pgplot/include/cpgplot.h
configure:7769: result: no
configure:7734: checking for /usr/local/include/pgplot/cpgplot.h
configure:7748: result: no
configure:7755: checking for /usr/local/include/cpgplot.h
configure:7769: result: no
configure:7734: checking for /local/include/pgplot/cpgplot.h
configure:7748: result: no
configure:7755: checking for /local/include/cpgplot.h
configure:7769: result: no
configure:7734: checking for /opt/local/include/pgplot/cpgplot.h
configure:7748: result: no
configure:7755: checking for /opt/local/include/cpgplot.h
configure:7769: result: no
configure:7734: checking for /sw/include/pgplot/cpgplot.h
configure:7748: result: no
configure:7755: checking for /sw/include/cpgplot.h
configure:7769: result: no
configure:7734: checking for /local/pgplot/cpgplot.h
configure:7748: result: no
configure:7755: checking for /local/cpgplot.h
configure:7769: result: no
configure:7734: checking for /usr/include/pgplot/cpgplot.h
configure:7748: result: no
configure:7755: checking for /usr/include/cpgplot.h
configure:7769: result: yes
configure:7782: checking for iand_ in -lM77
configure:7815: gcc -o conftest -g -O2   -L/usr/local/lib conftest.c -lM77  -lm  -lm  >&5
/usr/bin/ld: cannot find -lM77
collect2: error: ld returned 1 exit status
configure:7815: $? = 1
configure: failed program was:
| /* confdefs.h */
| #define PACKAGE_NAME "WCSLIB"
| #define PACKAGE_TARNAME "wcslib-5.18"
| #define PACKAGE_VERSION "5.18"
| #define PACKAGE_STRING "WCSLIB 5.18"
| #define PACKAGE_BUGREPORT "mark@calabretta.id.au"
| #define PACKAGE_URL ""
| #define WCSLIB_VERSION 5.18
| #define STDC_HEADERS 1
| #define HAVE_SYS_TYPES_H 1
| #define HAVE_SYS_STAT_H 1
| #define HAVE_STDLIB_H 1
| #define HAVE_STRING_H 1
| #define HAVE_MEMORY_H 1
| #define HAVE_STRINGS_H 1
| #define HAVE_INTTYPES_H 1
| #define HAVE_STDINT_H 1
| #define HAVE_UNISTD_H 1
| #define STDC_HEADERS 1
| #define HAVE_CTYPE_H 1
| #define HAVE_ERRNO_H 1
| #define HAVE_LIMITS_H 1
| #define HAVE_LOCALE_H 1
| #define HAVE_MATH_H 1
| #define HAVE_SETJMP_H 1
| #define HAVE_STDARG_H 1
| #define HAVE_STDIO_H 1
| #define HAVE_STDLIB_H 1
| #define HAVE_STRING_H 1
| #define HAVE_LIBM 1
| #define HAVE_FSEEKO 1
| #define HAVE_STDLIB_H 1
| #define HAVE_MALLOC 1
| #define HAVE_STDLIB_H 1
| #define HAVE_REALLOC 1
| #define LSTAT_FOLLOWS_SLASHED_SYMLINK 1
| #define HAVE_VPRINTF 1
| #define HAVE_FLOOR 1
| #define HAVE_MEMSET 1
| #define HAVE_POW 1
| #define HAVE_SETLOCALE 1
| #define HAVE_SQRT 1
| #define HAVE_STRCHR 1
| #define HAVE_STRSTR 1
| #define HAVE_SINCOS 1
| #define SIZEOF_INT 4
| #define SIZEOF_LONG_INT 8
| #define SIZEOF_LONG_LONG_INT 8
| #define WCSLIB_INT64 long long int
| #define MODZ "z"
| #define F77_FUNC(name,NAME) name ## _
| #define F77_FUNC_(name,NAME) name ## _
| #define HAVE_UNISTD_H 1
| #define HAVE_FSEEKO 1
| #define HAVE_CFITSIO 1
| /* end confdefs.h.  */
| 
| /* Override any GCC internal prototype to avoid an error.
|    Use char because int might match the return type of a GCC
|    builtin and then its argument prototype would still apply.  */
| #ifdef __cplusplus
| extern "C"
| #endif
| char iand_ ();
| #ifdef F77_DUMMY_MAIN
| 
| #  ifdef __cplusplus
|      extern "C"
| #  endif
|    int F77_DUMMY_MAIN() { return 1; }
| 
| #endif
| int
| main ()
| {
| return iand_ ();
|   ;
|   return 0;
| }
configure:7824: result: no
configure:7830: checking for f77_init in -lF77
configure:7863: gcc -o conftest -g -O2   -L/usr/local/lib conftest.c -lF77  -lm  -lm  >&5
/usr/bin/ld: cannot find -lF77
collect2: error: ld returned 1 exit status
configure:7863: $? = 1
configure: failed program was:
| /* confdefs.h */
| #define PACKAGE_NAME "WCSLIB"
| #define PACKAGE_TARNAME "wcslib-5.18"
| #define PACKAGE_VERSION "5.18"
| #define PACKAGE_STRING "WCSLIB 5.18"
| #define PACKAGE_BUGREPORT "mark@calabretta.id.au"
| #define PACKAGE_URL ""
| #define WCSLIB_VERSION 5.18
| #define STDC_HEADERS 1
| #define HAVE_SYS_TYPES_H 1
| #define HAVE_SYS_STAT_H 1
| #define HAVE_STDLIB_H 1
| #define HAVE_STRING_H 1
| #define HAVE_MEMORY_H 1
| #define HAVE_STRINGS_H 1
| #define HAVE_INTTYPES_H 1
| #define HAVE_STDINT_H 1
| #define HAVE_UNISTD_H 1
| #define STDC_HEADERS 1
| #define HAVE_CTYPE_H 1
| #define HAVE_ERRNO_H 1
| #define HAVE_LIMITS_H 1
| #define HAVE_LOCALE_H 1
| #define HAVE_MATH_H 1
| #define HAVE_SETJMP_H 1
| #define HAVE_STDARG_H 1
| #define HAVE_STDIO_H 1
| #define HAVE_STDLIB_H 1
| #define HAVE_STRING_H 1
| #define HAVE_LIBM 1
| #define HAVE_FSEEKO 1
| #define HAVE_STDLIB_H 1
| #define HAVE_MALLOC 1
| #define HAVE_STDLIB_H 1
| #define HAVE_REALLOC 1
| #define LSTAT_FOLLOWS_SLASHED_SYMLINK 1
| #define HAVE_VPRINTF 1
| #define HAVE_FLOOR 1
| #define HAVE_MEMSET 1
| #define HAVE_POW 1
| #define HAVE_SETLOCALE 1
| #define HAVE_SQRT 1
| #define HAVE_STRCHR 1
| #define HAVE_STRSTR 1
| #define HAVE_SINCOS 1
| #define SIZEOF_INT 4
| #define SIZEOF_LONG_INT 8
| #define SIZEOF_LONG_LONG_INT 8
| #define WCSLIB_INT64 long long int
| #define MODZ "z"
| #define F77_FUNC(name,NAME) name ## _
| #define F77_FUNC_(name,NAME) name ## _
| #define HAVE_UNISTD_H 1
| #define HAVE_FSEEKO 1
| #define HAVE_CFITSIO 1
| /* end confdefs.h.  */
| 
| /* Override any GCC internal prototype to avoid an error.
|    Use char because int might match the return type of a GCC
|    builtin and then its argument prototype would still apply.  */
| #ifdef __cplusplus
| extern "C"
| #endif
| char f77_init ();
| #ifdef F77_DUMMY_MAIN
| 
| #  ifdef __cplusplus
|      extern "C"
| #  endif
|    int F77_DUMMY_MAIN() { return 1; }
| 
| #endif
| int
| main ()
| {
| return f77_init ();
|   ;
|   return 0;
| }
configure:7872: result: no
configure:7881: checking for main in -lfrtbegin
configure:7908: gcc -o conftest -g -O2   -L/usr/local/lib conftest.c -lfrtbegin  -lm  -lm  >&5
/usr/bin/ld: cannot find -lfrtbegin
collect2: error: ld returned 1 exit status
configure:7908: $? = 1
configure: failed program was:
| /* confdefs.h */
| #define PACKAGE_NAME "WCSLIB"
| #define PACKAGE_TARNAME "wcslib-5.18"
| #define PACKAGE_VERSION "5.18"
| #define PACKAGE_STRING "WCSLIB 5.18"
| #define PACKAGE_BUGREPORT "mark@calabretta.id.au"
| #define PACKAGE_URL ""
| #define WCSLIB_VERSION 5.18
| #define STDC_HEADERS 1
| #define HAVE_SYS_TYPES_H 1
| #define HAVE_SYS_STAT_H 1
| #define HAVE_STDLIB_H 1
| #define HAVE_STRING_H 1
| #define HAVE_MEMORY_H 1
| #define HAVE_STRINGS_H 1
| #define HAVE_INTTYPES_H 1
| #define HAVE_STDINT_H 1
| #define HAVE_UNISTD_H 1
| #define STDC_HEADERS 1
| #define HAVE_CTYPE_H 1
| #define HAVE_ERRNO_H 1
| #define HAVE_LIMITS_H 1
| #define HAVE_LOCALE_H 1
| #define HAVE_MATH_H 1
| #define HAVE_SETJMP_H 1
| #define HAVE_STDARG_H 1
| #define HAVE_STDIO_H 1
| #define HAVE_STDLIB_H 1
| #define HAVE_STRING_H 1
| #define HAVE_LIBM 1
| #define HAVE_FSEEKO 1
| #define HAVE_STDLIB_H 1
| #define HAVE_MALLOC 1
| #define HAVE_STDLIB_H 1
| #define HAVE_REALLOC 1
| #define LSTAT_FOLLOWS_SLASHED_SYMLINK 1
| #define HAVE_VPRINTF 1
| #define HAVE_FLOOR 1
| #define HAVE_MEMSET 1
| #define HAVE_POW 1
| #define HAVE_SETLOCALE 1
| #define HAVE_SQRT 1
| #define HAVE_STRCHR 1
| #define HAVE_STRSTR 1
| #define HAVE_SINCOS 1
| #define SIZEOF_INT 4
| #define SIZEOF_LONG_INT 8
| #define SIZEOF_LONG_LONG_INT 8
| #define WCSLIB_INT64 long long int
| #define MODZ "z"
| #define F77_FUNC(name,NAME) name ## _
| #define F77_FUNC_(name,NAME) name ## _
| #define HAVE_UNISTD_H 1
| #define HAVE_FSEEKO 1
| #define HAVE_CFITSIO 1
| /* end confdefs.h.  */
| 
| 
| #ifdef F77_DUMMY_MAIN
| 
| #  ifdef __cplusplus
|      extern "C"
| #  endif
|    int F77_DUMMY_MAIN() { return 1; }
| 
| #endif
| int
| main ()
| {
| return main ();
|   ;
|   return 0;
| }
configure:7917: result: no
configure:7923: checking for gerror_ in -lg2c
configure:7956: gcc -o conftest -g -O2   -L/usr/local/lib conftest.c -lg2c  -lm  -lm  >&5
/usr/bin/ld: cannot find -lg2c
collect2: error: ld returned 1 exit status
configure:7956: $? = 1
configure: failed program was:
| /* confdefs.h */
| #define PACKAGE_NAME "WCSLIB"
| #define PACKAGE_TARNAME "wcslib-5.18"
| #define PACKAGE_VERSION "5.18"
| #define PACKAGE_STRING "WCSLIB 5.18"
| #define PACKAGE_BUGREPORT "mark@calabretta.id.au"
| #define PACKAGE_URL ""
| #define WCSLIB_VERSION 5.18
| #define STDC_HEADERS 1
| #define HAVE_SYS_TYPES_H 1
| #define HAVE_SYS_STAT_H 1
| #define HAVE_STDLIB_H 1
| #define HAVE_STRING_H 1
| #define HAVE_MEMORY_H 1
| #define HAVE_STRINGS_H 1
| #define HAVE_INTTYPES_H 1
| #define HAVE_STDINT_H 1
| #define HAVE_UNISTD_H 1
| #define STDC_HEADERS 1
| #define HAVE_CTYPE_H 1
| #define HAVE_ERRNO_H 1
| #define HAVE_LIMITS_H 1
| #define HAVE_LOCALE_H 1
| #define HAVE_MATH_H 1
| #define HAVE_SETJMP_H 1
| #define HAVE_STDARG_H 1
| #define HAVE_STDIO_H 1
| #define HAVE_STDLIB_H 1
| #define HAVE_STRING_H 1
| #define HAVE_LIBM 1
| #define HAVE_FSEEKO 1
| #define HAVE_STDLIB_H 1
| #define HAVE_MALLOC 1
| #define HAVE_STDLIB_H 1
| #define HAVE_REALLOC 1
| #define LSTAT_FOLLOWS_SLASHED_SYMLINK 1
| #define HAVE_VPRINTF 1
| #define HAVE_FLOOR 1
| #define HAVE_MEMSET 1
| #define HAVE_POW 1
| #define HAVE_SETLOCALE 1
| #define HAVE_SQRT 1
| #define HAVE_STRCHR 1
| #define HAVE_STRSTR 1
| #define HAVE_SINCOS 1
| #define SIZEOF_INT 4
| #define SIZEOF_LONG_INT 8
| #define SIZEOF_LONG_LONG_INT 8
| #define WCSLIB_INT64 long long int
| #define MODZ "z"
| #define F77_FUNC(name,NAME) name ## _
| #define F77_FUNC_(name,NAME) name ## _
| #define HAVE_UNISTD_H 1
| #define HAVE_FSEEKO 1
| #define HAVE_CFITSIO 1
| /* end confdefs.h.  */
| 
| /* Override any GCC internal prototype to avoid an error.
|    Use char because int might match the return type of a GCC
|    builtin and then its argument prototype would still apply.  */
| #ifdef __cplusplus
| extern "C"
| #endif
| char gerror_ ();
| #ifdef F77_DUMMY_MAIN
| 
| #  ifdef __cplusplus
|      extern "C"
| #  endif
|    int F77_DUMMY_MAIN() { return 1; }
| 
| #endif
| int
| main ()
| {
| return gerror_ ();
|   ;
|   return 0;
| }
configure:7965: result: no
configure:8030: checking for X
configure:8138: gcc -E  conftest.c
configure:8138: $? = 0
configure:8177: gcc -o conftest -g -O2   -L/usr/local/lib conftest.c -lX11 -lm  >&5
configure:8177: $? = 0
configure:8227: result: libraries , headers 
configure:8241: checking for deflate in -lz
configure:8274: gcc -o conftest -g -O2   -L/usr/local/lib conftest.c -lz -lX11  -lm  -lm  >&5
configure:8274: $? = 0
configure:8283: result: yes
configure:8289: checking for png_error in -lpng
configure:8322: gcc -o conftest -g -O2   -L/usr/local/lib conftest.c -lpng -lz -lX11  -lm  -lm  >&5
configure:8322: $? = 0
configure:8331: result: yes
configure:8337: checking for pgbeg_ in -lpgplot
configure:8370: gcc -o conftest -g -O2   -L/usr/local/lib conftest.c -lpgplot -lpng -lz -lX11   -L/usr/lib/gcc/x86_64-linux-gnu/6 -L/usr/lib/gcc/x86_64-linux-gnu/6/../../../x86_64-linux-gnu -L/usr/lib/gcc/x86_64-linux-gnu/6/../../../../lib -L/lib/x86_64-linux-gnu -L/lib/../lib -L/usr/lib/x86_64-linux-gnu -L/usr/lib/../lib -L/usr/lib/gcc/x86_64-linux-gnu/6/../../.. -lgfortran -lm -lquadmath -lm  -lm  >&5
configure:8370: $? = 0
configure:8379: result: yes
configure:8385: checking for cpgbeg in -lcpgplot
configure:8418: gcc -o conftest -g -O2   -L/usr/local/lib conftest.c -lcpgplot -lpgplot -lpng -lz -lX11   -L/usr/lib/gcc/x86_64-linux-gnu/6 -L/usr/lib/gcc/x86_64-linux-gnu/6/../../../x86_64-linux-gnu -L/usr/lib/gcc/x86_64-linux-gnu/6/../../../../lib -L/lib/x86_64-linux-gnu -L/lib/../lib -L/usr/lib/x86_64-linux-gnu -L/usr/lib/../lib -L/usr/lib/gcc/x86_64-linux-gnu/6/../../.. -lgfortran -lm -lquadmath -lm  -lm  >&5
configure:8418: $? = 0
configure:8427: result: yes
configure:8447: PGPLOT appears to be available.
configure:8486: End of auxiliary configuration.

configure:8492: Configuring files...
configure:8612: creating ./config.status

## ---------------------- ##
## Running config.status. ##
## ---------------------- ##

This file was extended by WCSLIB config.status 5.18, which was
generated by GNU Autoconf 2.69.  Invocation command line was

  CONFIG_FILES    = 
  CONFIG_HEADERS  = 
  CONFIG_LINKS    = 
  CONFIG_COMMANDS = 
  $ ./config.status 

on davide-MS-B10611

config.status:881: creating makedefs
config.status:881: creating wcslib.pc
config.status:881: creating wcsconfig.h
config.status:881: creating wcsconfig_f77.h
config.status:881: creating wcsconfig_tests.h
config.status:881: creating wcsconfig_utils.h

## ---------------- ##
## Cache variables. ##
## ---------------- ##

ac_cv_build=x86_64-unknown-linux-gnu
ac_cv_c_compiler_gnu=yes
ac_cv_c_const=yes
ac_cv_c_int16_t=yes
ac_cv_c_int32_t=yes
ac_cv_c_int8_t=yes
ac_cv_c_uint16_t=yes
ac_cv_c_uint32_t=yes
ac_cv_c_uint8_t=yes
ac_cv_env_CC_set=
ac_cv_env_CC_value=
ac_cv_env_CFLAGS_set=
ac_cv_env_CFLAGS_value=
ac_cv_env_CPPFLAGS_set=
ac_cv_env_CPPFLAGS_value=
ac_cv_env_CPP_set=
ac_cv_env_CPP_value=
ac_cv_env_F77_set=
ac_cv_env_F77_value=
ac_cv_env_FFLAGS_set=
ac_cv_env_FFLAGS_value=
ac_cv_env_LDFLAGS_set=
ac_cv_env_LDFLAGS_value=
ac_cv_env_LIBS_set=
ac_cv_env_LIBS_value=
ac_cv_env_XMKMF_set=
ac_cv_env_XMKMF_value=
ac_cv_env_build_alias_set=
ac_cv_env_build_alias_value=
ac_cv_env_host_alias_set=
ac_cv_env_host_alias_value=
ac_cv_env_target_alias_set=
ac_cv_env_target_alias_value=
ac_cv_f77_compiler_gnu=yes
ac_cv_f77_dummy_main=none
ac_cv_f77_libs=' -L/usr/lib/gcc/x86_64-linux-gnu/6 -L/usr/lib/gcc/x86_64-linux-gnu/6/../../../x86_64-linux-gnu -L/usr/lib/gcc/x86_64-linux-gnu/6/../../../../lib -L/lib/x86_64-linux-gnu -L/lib/../lib -L/usr/lib/x86_64-linux-gnu -L/usr/lib/../lib -L/usr/lib/gcc/x86_64-linux-gnu/6/../../.. -lgfortran -lm -lquadmath'
ac_cv_f77_mangling='lower case, underscore, no extra underscore'
ac_cv_file__local_cfitsio_fitsio_h=no
ac_cv_file__local_cfitsio_include_cfitsio_fitsio_h=no
ac_cv_file__local_cfitsio_include_fitsio_h=no
ac_cv_file__local_cfitsio_lib=no
ac_cv_file__local_cpgplot_h=no
ac_cv_file__local_fitsio_h=no
ac_cv_file__local_include_cfitsio_fitsio_h=no
ac_cv_file__local_include_cpgplot_h=no
ac_cv_file__local_include_fitsio_h=no
ac_cv_file__local_include_pgplot_cpgplot_h=no
ac_cv_file__local_lib=no
ac_cv_file__local_pgplot_cpgplot_h=no
ac_cv_file__local_pgplot_include_cpgplot_h=no
ac_cv_file__local_pgplot_include_pgplot_cpgplot_h=no
ac_cv_file__local_pgplot_lib=no
ac_cv_file__opt_SUNWspro_lib=no
ac_cv_file__opt_local_include_cfitsio_fitsio_h=no
ac_cv_file__opt_local_include_cpgplot_h=no
ac_cv_file__opt_local_include_fitsio_h=no
ac_cv_file__opt_local_include_pgplot_cpgplot_h=no
ac_cv_file__opt_local_lib=no
ac_cv_file__sw_include_cfitsio_fitsio_h=no
ac_cv_file__sw_include_cpgplot_h=no
ac_cv_file__sw_include_fitsio_h=no
ac_cv_file__sw_include_pgplot_cpgplot_h=no
ac_cv_file__sw_lib=no
ac_cv_file__usr_include_cfitsio_fitsio_h=no
ac_cv_file__usr_include_cpgplot_h=yes
ac_cv_file__usr_include_fitsio_h=yes
ac_cv_file__usr_include_pgplot_cpgplot_h=no
ac_cv_file__usr_local_cfitsio_include_cfitsio_fitsio_h=no
ac_cv_file__usr_local_cfitsio_include_fitsio_h=no
ac_cv_file__usr_local_cfitsio_lib=no
ac_cv_file__usr_local_include_cfitsio_fitsio_h=no
ac_cv_file__usr_local_include_cpgplot_h=no
ac_cv_file__usr_local_include_fitsio_h=no
ac_cv_file__usr_local_include_pgplot_cpgplot_h=no
ac_cv_file__usr_local_lib=yes
ac_cv_file__usr_local_pgplot_include_cpgplot_h=no
ac_cv_file__usr_local_pgplot_include_pgplot_cpgplot_h=no
ac_cv_file__usr_local_pgplot_lib=no
ac_cv_fortran_dummy_main=none
ac_cv_func__doprnt=no
ac_cv_func_floor=yes
ac_cv_func_lstat_dereferences_slashed_symlink=yes
ac_cv_func_malloc_0_nonnull=yes
ac_cv_func_memset=yes
ac_cv_func_pow=yes
ac_cv_func_realloc_0_nonnull=yes
ac_cv_func_setlocale=yes
ac_cv_func_setvbuf_reversed=no
ac_cv_func_sincos=yes
ac_cv_func_sqrt=yes
ac_cv_func_stat_empty_string_bug=no
ac_cv_func_strchr=yes
ac_cv_func_strstr=yes
ac_cv_func_vprintf=yes
ac_cv_have_x='have_x=yes	ac_x_includes='\'''\''	ac_x_libraries='\'''\'''
ac_cv_header_ctype_h=yes
ac_cv_header_errno_h=yes
ac_cv_header_inttypes_h=yes
ac_cv_header_limits_h=yes
ac_cv_header_locale_h=yes
ac_cv_header_math_h=yes
ac_cv_header_memory_h=yes
ac_cv_header_setjmp_h=yes
ac_cv_header_stdarg_h=yes
ac_cv_header_stdc=yes
ac_cv_header_stdint_h=yes
ac_cv_header_stdio_h=yes
ac_cv_header_stdlib_h=yes
ac_cv_header_string_h=yes
ac_cv_header_strings_h=yes
ac_cv_header_sys_stat_h=yes
ac_cv_header_sys_types_h=yes
ac_cv_header_unistd_h=yes
ac_cv_host=x86_64-unknown-linux-gnu
ac_cv_lib_F77_f77_init=no
ac_cv_lib_M77_iand_=no
ac_cv_lib_SystemStubs_printf_LDBLStub=no
ac_cv_lib_cfitsio_ffopen=yes
ac_cv_lib_cfitsio_fits_read_wcstab=yes
ac_cv_lib_cpgplot_cpgbeg=yes
ac_cv_lib_frtbegin_main=no
ac_cv_lib_g2c_gerror_=no
ac_cv_lib_m_floor=yes
ac_cv_lib_pgplot_pgbeg_=yes
ac_cv_lib_png_png_error=yes
ac_cv_lib_socket_recv=no
ac_cv_lib_sunmath_cosd=no
ac_cv_lib_z_deflate=yes
ac_cv_objext=o
ac_cv_path_EGREP='/bin/grep -E'
ac_cv_path_GREP=/bin/grep
ac_cv_path_install='/usr/bin/install -c'
ac_cv_prog_CPP='gcc -E'
ac_cv_prog_FLEX=flex
ac_cv_prog_ac_ct_CC=gcc
ac_cv_prog_ac_ct_F77=gfortran
ac_cv_prog_ac_ct_RANLIB=ranlib
ac_cv_prog_cc_c89=
ac_cv_prog_cc_c99=
ac_cv_prog_cc_g=yes
ac_cv_prog_cc_stdc=
ac_cv_prog_f77_g=yes
ac_cv_prog_f77_v=-v
ac_cv_sizeof_int=4
ac_cv_sizeof_long_int=8
ac_cv_sizeof_long_long_int=8
ac_cv_sys_file_offset_bits=no
ac_cv_sys_largefile_CC=no
ac_cv_sys_largefile_source=no
ac_cv_type_off_t=yes
ac_cv_type_size_t=yes

## ----------------- ##
## Output variables. ##
## ----------------- ##

ARCH='x86_64-linux-gnu'
ARFLAGS=''
CC='gcc'
CFITSIOINC='-I/usr/include'
CFITSIOLIB='-lcfitsio '
CFLAGS='-g -O2'
CPP='gcc -E'
CPPFLAGS=''
DEFS='-DHAVE_CONFIG_H'
ECHO_C=''
ECHO_N='-n'
ECHO_T=''
EGREP='/bin/grep -E'
EXEEXT=''
F77='gfortran'
FFLAGS='-g -O2 -I.'
FLEX='flex'
FLIBS=' -L/usr/lib/gcc/x86_64-linux-gnu/6 -L/usr/lib/gcc/x86_64-linux-gnu/6/../../../x86_64-linux-gnu -L/usr/lib/gcc/x86_64-linux-gnu/6/../../../../lib -L/lib/x86_64-linux-gnu -L/lib/../lib -L/usr/lib/x86_64-linux-gnu -L/usr/lib/../lib -L/usr/lib/gcc/x86_64-linux-gnu/6/../../.. -lgfortran -lm -lquadmath'
GETWCSTAB=''
GREP='/bin/grep'
INSTALL_DATA='${INSTALL} -m 644'
INSTALL_PROGRAM='${INSTALL}'
INSTALL_SCRIPT='${INSTALL}'
INSTDIR='pgsbox utils'
LDFLAGS=' -L/usr/local/lib'
LIBOBJS=''
LIBS='-lm '
LIBVER='5.18'
LN_S='ln -s'
LTLIBOBJS=''
OBJEXT='o'
PACKAGE_BUGREPORT='mark@calabretta.id.au'
PACKAGE_NAME='WCSLIB'
PACKAGE_STRING='WCSLIB 5.18'
PACKAGE_TARNAME='wcslib-5.18'
PACKAGE_URL=''
PACKAGE_VERSION='5.18'
PATH_SEPARATOR=':'
PGPLOTINC='-I/usr/include'
PGPLOTLIB='-lcpgplot -lpgplot -lpng -lz -lX11 '
RANLIB='ranlib'
SHELL='/bin/bash'
SHRFLAGS='-fPIC'
SHRLD='$(CC) $(SHRFLAGS) -shared -Wl,-h$(SONAME)'
SHRLIB='libwcs.so.5.18'
SHRLN='libwcs.so'
SHRSFX=''
SONAME='libwcs.so.5'
SUBDIRS='C Fortran pgsbox utils'
TSTDIRS='C Fortran pgsbox'
XMKMF=''
ac_ct_CC='gcc'
ac_ct_F77='gfortran'
bindir='${exec_prefix}/bin'
build='x86_64-unknown-linux-gnu'
build_alias=''
build_cpu='x86_64'
build_os='linux-gnu'
build_vendor='unknown'
datadir='${datarootdir}'
datarootdir='${prefix}/share'
docdir='${datarootdir}/doc/${PACKAGE_TARNAME}'
dvidir='${docdir}'
exec_prefix='${prefix}'
host='x86_64-unknown-linux-gnu'
host_alias=''
host_cpu='x86_64'
host_os='linux-gnu'
host_vendor='unknown'
htmldir='${docdir}'
includedir='${prefix}/include'
infodir='${datarootdir}/info'
libdir='${exec_prefix}/lib'
libexecdir='${exec_prefix}/libexec'
localedir='${datarootdir}/locale'
localstatedir='${prefix}/var'
mandir='${datarootdir}/man'
oldincludedir='/usr/include'
pdfdir='${docdir}'
prefix='/usr/local'
program_transform_name='s,x,x,'
psdir='${docdir}'
runstatedir='${localstatedir}/run'
sbindir='${exec_prefix}/sbin'
sharedstatedir='${prefix}/com'
sysconfdir='${prefix}/etc'
target_alias=''

## ----------- ##
## confdefs.h. ##
## ----------- ##

/* confdefs.h */
#define PACKAGE_NAME "WCSLIB"
#define PACKAGE_TARNAME "wcslib-5.18"
#define PACKAGE_VERSION "5.18"
#define PACKAGE_STRING "WCSLIB 5.18"
#define PACKAGE_BUGREPORT "mark@calabretta.id.au"
#define PACKAGE_URL ""
#define WCSLIB_VERSION 5.18
#define STDC_HEADERS 1
#define HAVE_SYS_TYPES_H 1
#define HAVE_SYS_STAT_H 1
#define HAVE_STDLIB_H 1
#define HAVE_STRING_H 1
#define HAVE_MEMORY_H 1
#define HAVE_STRINGS_H 1
#define HAVE_INTTYPES_H 1
#define HAVE_STDINT_H 1
#define HAVE_UNISTD_H 1
#define STDC_HEADERS 1
#define HAVE_CTYPE_H 1
#define HAVE_ERRNO_H 1
#define HAVE_LIMITS_H 1
#define HAVE_LOCALE_H 1
#define HAVE_MATH_H 1
#define HAVE_SETJMP_H 1
#define HAVE_STDARG_H 1
#define HAVE_STDIO_H 1
#define HAVE_STDLIB_H 1
#define HAVE_STRING_H 1
#define HAVE_LIBM 1
#define HAVE_FSEEKO 1
#define HAVE_STDLIB_H 1
#define HAVE_MALLOC 1
#define HAVE_STDLIB_H 1
#define HAVE_REALLOC 1
#define LSTAT_FOLLOWS_SLASHED_SYMLINK 1
#define HAVE_VPRINTF 1
#define HAVE_FLOOR 1
#define HAVE_MEMSET 1
#define HAVE_POW 1
#define HAVE_SETLOCALE 1
#define HAVE_SQRT 1
#define HAVE_STRCHR 1
#define HAVE_STRSTR 1
#define HAVE_SINCOS 1
#define SIZEOF_INT 4
#define SIZEOF_LONG_INT 8
#define SIZEOF_LONG_LONG_INT 8
#define WCSLIB_INT64 long long int
#define MODZ "z"
#define F77_FUNC(name,NAME) name ## _
#define F77_FUNC_(name,NAME) name ## _
#define HAVE_UNISTD_H 1
#define HAVE_FSEEKO 1
#define HAVE_CFITSIO 1

configure: exit 0
